# JRE version: OpenJDK Runtime Environment (21.0.9) (build 21.0.9+-14787801-b1163.94)
# Java VM: OpenJDK 64-Bit Server VM (21.0.9+-14787801-b1163.94, mixed mode, tiered, compressed oops, compressed class ptrs, g1 gc, windows-amd64)
GC Precious Log:
 CardTable entry size: 512
 Card Set container configuration: InlinePtr #cards 5 size 8 Array Of Cards #cards 12 size 40 Howl #buckets 4 coarsen threshold 1843 Howl Bitmap #cards 512 size 80 coarsen threshold 460 Card regions per heap region 1 cards per card region 2048
 CPUs: 4 total, 4 available
 Memory: 16264M
 Large Page Support: Disabled
 NUMA Support: Disabled
 Compressed Oops: Enabled (32-bit)
 Heap Region Size: 1M
 Heap Min Capacity: 8M
 Heap Initial Capacity: 256M
 Heap Max Capacity: 2G
 Pre-touch: Disabled
 Parallel Workers: 4
 Concurrent Workers: 1
 Concurrent Refinement Workers: 4
 Periodic GC: Disabled
Heap:
 garbage-first heap   total 275456K, used 200992K [0x0000000080000000, 0x0000000100000000)
  region size 1024K, 67 young (68608K), 9 survivors (9216K)
 Metaspace       used 120780K, committed 123072K, reserved 1179648K
  class space    used 17190K, committed 18304K, reserved 1048576K
GC Heap History (20 events):
Event: 202.297 GC heap before
{Heap before GC invocations=81 (full 0):
 garbage-first heap   total 225280K, used 212466K [0x0000000080000000, 0x0000000100000000)
  region size 1024K, 83 young (84992K), 6 survivors (6144K)
 Metaspace       used 116923K, committed 119232K, reserved 1179648K
  class space    used 16679K, committed 17792K, reserved 1048576K
}
Event: 202.319 GC heap after
{Heap after GC invocations=82 (full 0):
 garbage-first heap   total 225280K, used 134700K [0x0000000080000000, 0x0000000100000000)
  region size 1024K, 7 young (7168K), 7 survivors (7168K)
 Metaspace       used 116923K, committed 119232K, reserved 1179648K
  class space    used 16679K, committed 17792K, reserved 1048576K
}
Event: 203.171 GC heap before
{Heap before GC invocations=82 (full 0):
 garbage-first heap   total 225280K, used 211500K [0x0000000080000000, 0x0000000100000000)
  region size 1024K, 83 young (84992K), 7 survivors (7168K)
 Metaspace       used 116995K, committed 119360K, reserved 1179648K
  class space    used 16688K, committed 17856K, reserved 1048576K
}
Event: 203.193 GC heap after
{Heap after GC invocations=83 (full 0):
 garbage-first heap   total 225280K, used 135751K [0x0000000080000000, 0x0000000100000000)
  region size 1024K, 7 young (7168K), 7 survivors (7168K)
 Metaspace       used 116995K, committed 119360K, reserved 1179648K
  class space    used 16688K, committed 17856K, reserved 1048576K
}
Event: 204.066 GC heap before
{Heap before GC invocations=83 (full 0):
 garbage-first heap   total 227328K, used 212551K [0x0000000080000000, 0x0000000100000000)
  region size 1024K, 82 young (83968K), 7 survivors (7168K)
 Metaspace       used 116999K, committed 119360K, reserved 1179648K
  class space    used 16688K, committed 17856K, reserved 1048576K
}
Event: 204.084 GC heap after
{Heap after GC invocations=84 (full 0):
 garbage-first heap   total 227328K, used 135926K [0x0000000080000000, 0x0000000100000000)
  region size 1024K, 6 young (6144K), 6 survivors (6144K)
 Metaspace       used 116999K, committed 119360K, reserved 1179648K
  class space    used 16688K, committed 17856K, reserved 1048576K
}
Event: 204.963 GC heap before
{Heap before GC invocations=85 (full 0):
 garbage-first heap   total 227328K, used 214774K [0x0000000080000000, 0x0000000100000000)
  region size 1024K, 83 young (84992K), 6 survivors (6144K)
 Metaspace       used 116999K, committed 119360K, reserved 1179648K
  class space    used 16688K, committed 17856K, reserved 1048576K
}
Event: 204.980 GC heap after
{Heap after GC invocations=86 (full 0):
 garbage-first heap   total 227328K, used 136476K [0x0000000080000000, 0x0000000100000000)
  region size 1024K, 6 young (6144K), 6 survivors (6144K)
 Metaspace       used 116999K, committed 119360K, reserved 1179648K
  class space    used 16688K, committed 17856K, reserved 1048576K
}
Event: 206.262 GC heap before
{Heap before GC invocations=86 (full 0):
 garbage-first heap   total 227328K, used 214300K [0x0000000080000000, 0x0000000100000000)
  region size 1024K, 82 young (83968K), 6 survivors (6144K)
 Metaspace       used 117192K, committed 119552K, reserved 1179648K
  class space    used 16712K, committed 17856K, reserved 1048576K
}
Event: 206.287 GC heap after
{Heap after GC invocations=87 (full 0):
 garbage-first heap   total 273408K, used 137165K [0x0000000080000000, 0x0000000100000000)
  region size 1024K, 7 young (7168K), 7 survivors (7168K)
 Metaspace       used 117192K, committed 119552K, reserved 1179648K
  class space    used 16712K, committed 17856K, reserved 1048576K
}
Event: 207.107 GC heap before
{Heap before GC invocations=87 (full 0):
 garbage-first heap   total 273408K, used 257997K [0x0000000080000000, 0x0000000100000000)
  region size 1024K, 126 young (129024K), 7 survivors (7168K)
 Metaspace       used 117196K, committed 119552K, reserved 1179648K
  class space    used 16712K, committed 17856K, reserved 1048576K
}
Event: 207.141 GC heap after
{Heap after GC invocations=88 (full 0):
 garbage-first heap   total 273408K, used 137803K [0x0000000080000000, 0x0000000100000000)
  region size 1024K, 8 young (8192K), 8 survivors (8192K)
 Metaspace       used 117196K, committed 119552K, reserved 1179648K
  class space    used 16712K, committed 17856K, reserved 1048576K
}
Event: 211.094 GC heap before
{Heap before GC invocations=88 (full 0):
 garbage-first heap   total 273408K, used 258635K [0x0000000080000000, 0x0000000100000000)
  region size 1024K, 126 young (129024K), 8 survivors (8192K)
 Metaspace       used 117291K, committed 119616K, reserved 1179648K
  class space    used 16725K, committed 17856K, reserved 1048576K
}
Event: 211.129 GC heap after
{Heap after GC invocations=89 (full 0):
 garbage-first heap   total 273408K, used 138876K [0x0000000080000000, 0x0000000100000000)
  region size 1024K, 9 young (9216K), 9 survivors (9216K)
 Metaspace       used 117291K, committed 119616K, reserved 1179648K
  class space    used 16725K, committed 17856K, reserved 1048576K
}
Event: 212.383 GC heap before
{Heap before GC invocations=89 (full 0):
 garbage-first heap   total 273408K, used 257660K [0x0000000080000000, 0x0000000100000000)
  region size 1024K, 126 young (129024K), 9 survivors (9216K)
 Metaspace       used 117291K, committed 119616K, reserved 1179648K
  class space    used 16725K, committed 17856K, reserved 1048576K
}
Event: 212.418 GC heap after
{Heap after GC invocations=90 (full 0):
 garbage-first heap   total 273408K, used 138572K [0x0000000080000000, 0x0000000100000000)
  region size 1024K, 9 young (9216K), 9 survivors (9216K)
 Metaspace       used 117291K, committed 119616K, reserved 1179648K
  class space    used 16725K, committed 17856K, reserved 1048576K
}
Event: 217.376 GC heap before
{Heap before GC invocations=91 (full 0):
 garbage-first heap   total 273408K, used 257356K [0x0000000080000000, 0x0000000100000000)
  region size 1024K, 126 young (129024K), 9 survivors (9216K)
 Metaspace       used 120272K, committed 122624K, reserved 1179648K
  class space    used 17103K, committed 18240K, reserved 1048576K
}
Event: 217.415 GC heap after
{Heap after GC invocations=92 (full 0):
 garbage-first heap   total 273408K, used 143293K [0x0000000080000000, 0x0000000100000000)
  region size 1024K, 12 young (12288K), 12 survivors (12288K)
 Metaspace       used 120272K, committed 122624K, reserved 1179648K
  class space    used 17103K, committed 18240K, reserved 1048576K
}
Event: 220.712 GC heap before
{Heap before GC invocations=92 (full 0):
 garbage-first heap   total 273408K, used 257981K [0x0000000080000000, 0x0000000100000000)
  region size 1024K, 125 young (128000K), 12 survivors (12288K)
 Metaspace       used 120737K, committed 123072K, reserved 1179648K
  class space    used 17185K, committed 18304K, reserved 1048576K
}
Event: 220.754 GC heap after
{Heap after GC invocations=93 (full 0):
 garbage-first heap   total 275456K, used 143648K [0x0000000080000000, 0x0000000100000000)
  region size 1024K, 9 young (9216K), 9 survivors (9216K)
 Metaspace       used 120737K, committed 123072K, reserved 1179648K
  class space    used 17185K, committed 18304K, reserved 1048576K
}

